<?xml version="1.0" encoding="UTF-8"?>
<!-- Generated by org.testng.reporters.JUnitReportReporter -->
<testsuite name="TestNg.Login_facebook" tests="1" time="40.878" ignored="0" failures="0" timestamp="05 Feb 2018 10:29:34 GMT" skipped="0" hostname="dinesh" errors="0">
  <testcase name="f" time="40.878" classname="TestNg.Login_facebook"/>
</testsuite> <!-- TestNg.Login_facebook -->
