<?xml version="1.0" encoding="UTF-8"?>
<!-- Generated by org.testng.reporters.JUnitReportReporter -->
<testsuite hostname="dinesh" name="TestNg.Testing" tests="1" failures="0" timestamp="5 Feb 2018 08:37:52 GMT" time="0.016" errors="0">
  <testcase name="a" time="0.016" classname="TestNg.Testing"/>
</testsuite> <!-- TestNg.Testing -->
