<?xml version="1.0" encoding="UTF-8"?>
<!-- Generated by org.testng.reporters.JUnitReportReporter -->
<testsuite name="TestNg.priority" tests="4" time="0.000" ignored="0" failures="0" timestamp="05 Feb 2018 09:22:04 GMT" skipped="0" hostname="dinesh" errors="0">
  <testcase name="d" time="0.000" classname="TestNg.priority"/>
  <testcase name="a" time="0.000" classname="TestNg.priority"/>
  <testcase name="c" time="0.000" classname="TestNg.priority"/>
  <testcase name="b" time="0.000" classname="TestNg.priority"/>
</testsuite> <!-- TestNg.priority -->
