<?xml version="1.0" encoding="UTF-8"?>
<!-- Generated by org.testng.reporters.JUnitReportReporter -->
<testsuite name="TestNg.gmail" tests="1" time="40.638" ignored="0" failures="0" timestamp="05 Feb 2018 10:29:34 GMT" skipped="0" hostname="dinesh" errors="0">
  <testcase name="f" time="40.638" classname="TestNg.gmail"/>
</testsuite> <!-- TestNg.gmail -->
